
0 4527
0 4534
0 4535
0 4536
0 4546
0 4564
0 4565
0 4569
0 4605
0 4609
0 4649
0 4659
0 4665
0 4670
0 4695
0 4699
0 4706
0 4770
0 4776
0 4780
0 4785
0 4786
0 4791
0 4796
0 4803
0 4807
0 4815
0 4825
0 4831
0 4845
0 4857
0 4859
0 4882
0 4883
0 4885
0 4886
0 4888
0 4891
0 4894
0 4897
0 4900
0 4902
0 4905
0 4906
0 4907
0 4908
0 4909
0 4910
0 4943
0 4948
0 4956
0 4960
0 4963
0 5021
0 5047
0 5063
0 5069
0 5070
0 5087
0 5146
0 5222
0 5300
0 5328
0 5381
0 6344
0 6364
0 6395
0 6456
0 6470
0 6530
0 6729
0 6756
0 6797
0 6886
0 7077
0 7085
0 7101
0 7103
0 7157
0 7161
0 7218
3 7310
0 7346
0 7442
0 7453
0 7540
0 7598
0 8925
0 10816
0 17643
0 17769
0 17776
0 17852
0 17855
0 17860
0 17878
0 24877
0 24915
0 33078
43062 38904
